build/outputs/logs/manifest-merger-debug-report.txt
-- Merging decision tree log ---
manifest
ADDED from android/uikit/AndroidManifest.xml:1:1-380:12
INJECTED from android/uikit/AndroidManifest.xml:1:1-380:12
INJECTED from android/uikit/AndroidManifest.xml:1:1-380:12
	package
		ADDED from android/uikit/AndroidManifest.xml:2:5-36
		INJECTED from android/uikit/AndroidManifest.xml
		INJECTED from android/uikit/AndroidManifest.xml
	xmlns:tools
		ADDED from android/uikit/AndroidManifest.xml:3:5-51
	xmlns:android
		ADDED from android/uikit/AndroidManifest.xml:1:11-69
permission#${applicationId}.permission.RECEIVE_MSG
ADDED from android/uikit/AndroidManifest.xml:7:5-9:47
	android:protectionLevel
		ADDED from android/uikit/AndroidManifest.xml:9:9-44
	android:name
		ADDED from android/uikit/AndroidManifest.xml:8:9-63
uses-permission#android.permission.GET_TASKS
ADDED from android/uikit/AndroidManifest.xml:10:5-68
	android:name
		ADDED from android/uikit/AndroidManifest.xml:10:22-65
uses-permission#android.permission.FLASHLIGHT
ADDED from android/uikit/AndroidManifest.xml:11:5-69
	android:name
		ADDED from android/uikit/AndroidManifest.xml:11:22-66
uses-permission#android.permission.VIBRATE
ADDED from android/uikit/AndroidManifest.xml:12:5-66
	android:name
		ADDED from android/uikit/AndroidManifest.xml:12:22-63
uses-permission#android.permission.CHANGE_CONFIGURATION
ADDED from android/uikit/AndroidManifest.xml:13:5-79
	android:name
		ADDED from android/uikit/AndroidManifest.xml:13:22-76
uses-permission#android.permission.MODIFY_AUDIO_SETTINGS
ADDED from android/uikit/AndroidManifest.xml:14:5-80
	android:name
		ADDED from android/uikit/AndroidManifest.xml:14:22-77
uses-permission#android.permission.WRITE_SETTINGS
ADDED from android/uikit/AndroidManifest.xml:15:5-73
	android:name
		ADDED from android/uikit/AndroidManifest.xml:15:22-70
uses-permission#android.permission.DISABLE_KEYGUARD
ADDED from android/uikit/AndroidManifest.xml:17:5-75
	android:name
		ADDED from android/uikit/AndroidManifest.xml:17:22-72
uses-permission#android.permission.WAKE_LOCK
ADDED from android/uikit/AndroidManifest.xml:18:5-68
	android:name
		ADDED from android/uikit/AndroidManifest.xml:18:22-65
uses-permission#com.netease.nim.demo.permission.MIPUSH_RECEIVE
ADDED from android/uikit/AndroidManifest.xml:20:5-86
	android:name
		ADDED from android/uikit/AndroidManifest.xml:20:22-83
uses-sdk
ADDED from android/uikit/AndroidManifest.xml:22:5-97
INJECTED from android/uikit/AndroidManifest.xml:22:5-97
INJECTED from android/uikit/AndroidManifest.xml:22:5-97
INJECTED from android/uikit/AndroidManifest.xml:22:5-97
INJECTED from android/uikit/AndroidManifest.xml:22:5-97
	tools:overrideLibrary
		ADDED from android/uikit/AndroidManifest.xml:22:15-94
	android:targetSdkVersion
		INJECTED from android/uikit/AndroidManifest.xml
		ADDED from android/uikit/AndroidManifest.xml:22:5-97
		INJECTED from android/uikit/AndroidManifest.xml
	android:minSdkVersion
		INJECTED from android/uikit/AndroidManifest.xml
		ADDED from android/uikit/AndroidManifest.xml:22:5-97
		INJECTED from android/uikit/AndroidManifest.xml
uses-permission#com.meizu.flyme.push.permission.RECEIVE
ADDED from android/uikit/AndroidManifest.xml:26:5-79
	android:name
		ADDED from android/uikit/AndroidManifest.xml:26:22-76
permission#${applicationId}.permission.MESSAGE
ADDED from android/uikit/AndroidManifest.xml:27:5-28:46
	android:protectionLevel
		ADDED from android/uikit/AndroidManifest.xml:28:9-44
	android:name
		ADDED from android/uikit/AndroidManifest.xml:27:17-67
uses-permission#${applicationId}.permission.MESSAGE
ADDED from android/uikit/AndroidManifest.xml:29:5-75
	android:name
		ADDED from android/uikit/AndroidManifest.xml:29:22-72
uses-permission#com.meizu.c2dm.permission.RECEIVE
ADDED from android/uikit/AndroidManifest.xml:31:5-73
	android:name
		ADDED from android/uikit/AndroidManifest.xml:31:22-70
permission#${applicationId}.permission.C2D_MESSAGE
ADDED from android/uikit/AndroidManifest.xml:32:5-33:47
	android:protectionLevel
		ADDED from android/uikit/AndroidManifest.xml:33:9-44
	android:name
		ADDED from android/uikit/AndroidManifest.xml:32:17-71
uses-permission#${applicationId}.permission.C2D_MESSAGE
ADDED from android/uikit/AndroidManifest.xml:34:5-78
	android:name
		ADDED from android/uikit/AndroidManifest.xml:34:22-76
application
ADDED from android/uikit/AndroidManifest.xml:35:5-379:19
meta-data#com.netease.nim.uikit.support.glide.NIMGlideModule
ADDED from android/uikit/AndroidManifest.xml:37:9-39:42
	android:value
		ADDED from android/uikit/AndroidManifest.xml:39:13-40
	android:name
		ADDED from android/uikit/AndroidManifest.xml:38:13-78
activity#com.netease.nim.uikit.business.session.activity.P2PMessageActivity
ADDED from android/uikit/AndroidManifest.xml:46:9-51:70
	android:screenOrientation
		ADDED from android/uikit/AndroidManifest.xml:49:13-49
	android:windowSoftInputMode
		ADDED from android/uikit/AndroidManifest.xml:51:13-67
	android:configChanges
		ADDED from android/uikit/AndroidManifest.xml:48:13-63
	android:theme
		ADDED from android/uikit/AndroidManifest.xml:50:13-56
	android:name
		ADDED from android/uikit/AndroidManifest.xml:47:13-94
activity#com.netease.nim.uikit.business.session.activity.TeamMessageActivity
ADDED from android/uikit/AndroidManifest.xml:52:9-57:70
	android:screenOrientation
		ADDED from android/uikit/AndroidManifest.xml:55:13-49
	android:windowSoftInputMode
		ADDED from android/uikit/AndroidManifest.xml:57:13-67
	android:configChanges
		ADDED from android/uikit/AndroidManifest.xml:54:13-63
	android:theme
		ADDED from android/uikit/AndroidManifest.xml:56:13-56
	android:name
		ADDED from android/uikit/AndroidManifest.xml:53:13-95
activity#com.netease.nim.uikit.business.team.activity.NormalTeamInfoActivity
ADDED from android/uikit/AndroidManifest.xml:60:9-65:70
	android:screenOrientation
		ADDED from android/uikit/AndroidManifest.xml:63:13-49
	android:windowSoftInputMode
		ADDED from android/uikit/AndroidManifest.xml:65:13-67
	android:configChanges
		ADDED from android/uikit/AndroidManifest.xml:62:13-63
	android:theme
		ADDED from android/uikit/AndroidManifest.xml:64:13-56
	android:name
		ADDED from android/uikit/AndroidManifest.xml:61:13-95
activity#com.netease.nim.uikit.business.team.activity.AdvancedTeamInfoActivity
ADDED from android/uikit/AndroidManifest.xml:66:9-71:70
	android:screenOrientation
		ADDED from android/uikit/AndroidManifest.xml:69:13-49
	android:windowSoftInputMode
		ADDED from android/uikit/AndroidManifest.xml:71:13-67
	android:configChanges
		ADDED from android/uikit/AndroidManifest.xml:68:13-63
	android:theme
		ADDED from android/uikit/AndroidManifest.xml:70:13-56
	android:name
		ADDED from android/uikit/AndroidManifest.xml:67:13-97
activity#com.netease.nim.uikit.business.team.activity.AdvancedTeamMemberActivity
ADDED from android/uikit/AndroidManifest.xml:72:9-77:70
	android:screenOrientation
		ADDED from android/uikit/AndroidManifest.xml:75:13-49
	android:windowSoftInputMode
		ADDED from android/uikit/AndroidManifest.xml:77:13-67
	android:configChanges
		ADDED from android/uikit/AndroidManifest.xml:74:13-63
	android:theme
		ADDED from android/uikit/AndroidManifest.xml:76:13-56
	android:name
		ADDED from android/uikit/AndroidManifest.xml:73:13-99
activity#com.netease.nim.uikit.business.team.activity.AdvancedTeamAnnounceActivity
ADDED from android/uikit/AndroidManifest.xml:78:9-83:70
	android:screenOrientation
		ADDED from android/uikit/AndroidManifest.xml:81:13-49
	android:windowSoftInputMode
		ADDED from android/uikit/AndroidManifest.xml:83:13-67
	android:configChanges
		ADDED from android/uikit/AndroidManifest.xml:80:13-63
	android:theme
		ADDED from android/uikit/AndroidManifest.xml:82:13-56
	android:name
		ADDED from android/uikit/AndroidManifest.xml:79:13-101
activity#com.netease.nim.uikit.business.team.activity.AdvancedTeamMemberInfoActivity
ADDED from android/uikit/AndroidManifest.xml:84:9-89:70
	android:screenOrientation
		ADDED from android/uikit/AndroidManifest.xml:87:13-49
	android:windowSoftInputMode
		ADDED from android/uikit/AndroidManifest.xml:89:13-67
	android:configChanges
		ADDED from android/uikit/AndroidManifest.xml:86:13-63
	android:theme
		ADDED from android/uikit/AndroidManifest.xml:88:13-56
	android:name
		ADDED from android/uikit/AndroidManifest.xml:85:13-103
activity#com.netease.nim.uikit.business.team.activity.AdvancedTeamNicknameActivity
ADDED from android/uikit/AndroidManifest.xml:90:9-95:70
	android:screenOrientation
		ADDED from android/uikit/AndroidManifest.xml:93:13-49
	android:windowSoftInputMode
		ADDED from android/uikit/AndroidManifest.xml:95:13-67
	android:configChanges
		ADDED from android/uikit/AndroidManifest.xml:92:13-63
	android:theme
		ADDED from android/uikit/AndroidManifest.xml:94:13-56
	android:name
		ADDED from android/uikit/AndroidManifest.xml:91:13-101
activity#com.netease.nim.uikit.business.team.activity.AdvancedTeamCreateAnnounceActivity
ADDED from android/uikit/AndroidManifest.xml:96:9-101:70
	android:screenOrientation
		ADDED from android/uikit/AndroidManifest.xml:99:13-49
	android:windowSoftInputMode
		ADDED from android/uikit/AndroidManifest.xml:101:13-67
	android:configChanges
		ADDED from android/uikit/AndroidManifest.xml:98:13-63
	android:theme
		ADDED from android/uikit/AndroidManifest.xml:100:13-56
	android:name
		ADDED from android/uikit/AndroidManifest.xml:97:13-107
activity#com.netease.nim.uikit.business.team.activity.TeamPropertySettingActivity
ADDED from android/uikit/AndroidManifest.xml:102:9-107:70
	android:screenOrientation
		ADDED from android/uikit/AndroidManifest.xml:105:13-49
	android:windowSoftInputMode
		ADDED from android/uikit/AndroidManifest.xml:107:13-67
	android:configChanges
		ADDED from android/uikit/AndroidManifest.xml:104:13-63
	android:theme
		ADDED from android/uikit/AndroidManifest.xml:106:13-56
	android:name
		ADDED from android/uikit/AndroidManifest.xml:103:13-100
activity#com.netease.nim.uikit.business.contact.selector.activity.ContactSelectActivity
ADDED from android/uikit/AndroidManifest.xml:110:9-116:67
	android:screenOrientation
		ADDED from android/uikit/AndroidManifest.xml:114:13-49
	android:label
		ADDED from android/uikit/AndroidManifest.xml:113:13-53
	android:windowSoftInputMode
		ADDED from android/uikit/AndroidManifest.xml:116:13-64
	android:configChanges
		ADDED from android/uikit/AndroidManifest.xml:112:13-63
	android:theme
		ADDED from android/uikit/AndroidManifest.xml:115:13-56
	android:name
		ADDED from android/uikit/AndroidManifest.xml:111:13-106
activity#com.netease.nim.uikit.business.ait.selector.AitContactSelectorActivity
ADDED from android/uikit/AndroidManifest.xml:119:9-121:64
	android:screenOrientation
		ADDED from android/uikit/AndroidManifest.xml:120:19-55
	android:theme
		ADDED from android/uikit/AndroidManifest.xml:121:19-62
	android:name
		ADDED from android/uikit/AndroidManifest.xml:119:19-83
activity#com.netease.nim.uikit.common.media.picker.activity.PickImageActivity
ADDED from android/uikit/AndroidManifest.xml:124:9-127:59
	android:screenOrientation
		ADDED from android/uikit/AndroidManifest.xml:126:13-49
	android:theme
		ADDED from android/uikit/AndroidManifest.xml:127:13-56
	android:name
		ADDED from android/uikit/AndroidManifest.xml:125:13-96
activity#com.netease.nim.uikit.common.media.picker.activity.CropImageActivity
ADDED from android/uikit/AndroidManifest.xml:128:9-131:58
	android:screenOrientation
		ADDED from android/uikit/AndroidManifest.xml:130:13-49
	android:theme
		ADDED from android/uikit/AndroidManifest.xml:131:13-56
	android:name
		ADDED from android/uikit/AndroidManifest.xml:129:13-96
activity#com.netease.nim.uikit.common.media.picker.activity.PickerAlbumActivity
ADDED from android/uikit/AndroidManifest.xml:132:9-135:59
	android:screenOrientation
		ADDED from android/uikit/AndroidManifest.xml:134:13-49
	android:theme
		ADDED from android/uikit/AndroidManifest.xml:135:13-56
	android:name
		ADDED from android/uikit/AndroidManifest.xml:133:13-98
activity#com.netease.nim.uikit.common.media.picker.activity.PickerAlbumPreviewActivity
ADDED from android/uikit/AndroidManifest.xml:136:9-139:59
	android:screenOrientation
		ADDED from android/uikit/AndroidManifest.xml:138:13-49
	android:theme
		ADDED from android/uikit/AndroidManifest.xml:139:13-56
	android:name
		ADDED from android/uikit/AndroidManifest.xml:137:13-105
activity#com.netease.nim.uikit.common.media.picker.activity.PreviewImageFromLocalActivity
ADDED from android/uikit/AndroidManifest.xml:140:9-145:58
	android:screenOrientation
		ADDED from android/uikit/AndroidManifest.xml:143:13-49
	android:windowSoftInputMode
		ADDED from android/uikit/AndroidManifest.xml:144:13-67
	android:configChanges
		ADDED from android/uikit/AndroidManifest.xml:142:13-63
	android:theme
		ADDED from android/uikit/AndroidManifest.xml:145:13-56
	android:name
		ADDED from android/uikit/AndroidManifest.xml:141:13-108
activity#com.netease.nim.uikit.common.media.picker.activity.PreviewImageFromCameraActivity
ADDED from android/uikit/AndroidManifest.xml:146:9-152:70
	android:screenOrientation
		ADDED from android/uikit/AndroidManifest.xml:150:13-49
	android:label
		ADDED from android/uikit/AndroidManifest.xml:149:13-53
	android:windowSoftInputMode
		ADDED from android/uikit/AndroidManifest.xml:152:13-67
	android:configChanges
		ADDED from android/uikit/AndroidManifest.xml:148:13-63
	android:theme
		ADDED from android/uikit/AndroidManifest.xml:151:13-56
	android:name
		ADDED from android/uikit/AndroidManifest.xml:147:13-109
activity#com.netease.nim.uikit.business.session.activity.CaptureVideoActivity
ADDED from android/uikit/AndroidManifest.xml:155:9-160:58
	android:screenOrientation
		ADDED from android/uikit/AndroidManifest.xml:158:13-49
	android:windowSoftInputMode
		ADDED from android/uikit/AndroidManifest.xml:159:13-67
	android:configChanges
		ADDED from android/uikit/AndroidManifest.xml:157:13-63
	android:theme
		ADDED from android/uikit/AndroidManifest.xml:160:13-56
	android:name
		ADDED from android/uikit/AndroidManifest.xml:156:13-96
activity#com.netease.nim.uikit.business.session.activity.WatchVideoActivity
ADDED from android/uikit/AndroidManifest.xml:162:9-166:48
	android:label
		ADDED from android/uikit/AndroidManifest.xml:165:13-47
	android:configChanges
		ADDED from android/uikit/AndroidManifest.xml:164:13-74
	android:theme
		ADDED from android/uikit/AndroidManifest.xml:166:13-45
	android:name
		ADDED from android/uikit/AndroidManifest.xml:163:13-94
activity#com.netease.nim.uikit.business.session.activity.WatchMessagePictureActivity
ADDED from android/uikit/AndroidManifest.xml:169:9-172:47
	android:configChanges
		ADDED from android/uikit/AndroidManifest.xml:171:13-51
	android:theme
		ADDED from android/uikit/AndroidManifest.xml:172:13-45
	android:name
		ADDED from android/uikit/AndroidManifest.xml:170:13-103
activity#com.netease.nim.uikit.business.session.activity.WatchPicAndVideoMenuActivity
ADDED from android/uikit/AndroidManifest.xml:174:9-176:47
	android:configChanges
		ADDED from android/uikit/AndroidManifest.xml:175:13-51
	android:theme
		ADDED from android/uikit/AndroidManifest.xml:176:13-45
	android:name
		ADDED from android/uikit/AndroidManifest.xml:174:19-89
provider#com.netease.nim.uikit.common.media.picker.model.GenericFileProvider
ADDED from android/uikit/AndroidManifest.xml:179:9-187:20
	android:grantUriPermissions
		ADDED from android/uikit/AndroidManifest.xml:183:13-47
	android:authorities
		ADDED from android/uikit/AndroidManifest.xml:181:13-73
	android:exported
		ADDED from android/uikit/AndroidManifest.xml:182:13-37
	android:name
		ADDED from android/uikit/AndroidManifest.xml:180:13-95
meta-data#android.support.FILE_PROVIDER_PATHS
ADDED from android/uikit/AndroidManifest.xml:184:13-186:57
	android:resource
		ADDED from android/uikit/AndroidManifest.xml:186:17-55
	android:name
		ADDED from android/uikit/AndroidManifest.xml:185:17-67
service#com.netease.nimlib.service.NimService
ADDED from android/uikit/AndroidManifest.xml:192:9-194:39
	android:process
		ADDED from android/uikit/AndroidManifest.xml:194:13-36
	android:name
		ADDED from android/uikit/AndroidManifest.xml:193:13-65
service#com.netease.nimlib.service.NimService$Aux
ADDED from android/uikit/AndroidManifest.xml:197:9-199:39
	android:process
		ADDED from android/uikit/AndroidManifest.xml:199:13-36
	android:name
		ADDED from android/uikit/AndroidManifest.xml:198:13-69
service#com.netease.nimlib.job.NIMJobService
ADDED from android/uikit/AndroidManifest.xml:202:9-206:39
	android:process
		ADDED from android/uikit/AndroidManifest.xml:206:13-36
	android:exported
		ADDED from android/uikit/AndroidManifest.xml:204:13-36
	android:permission
		ADDED from android/uikit/AndroidManifest.xml:205:13-69
	android:name
		ADDED from android/uikit/AndroidManifest.xml:203:13-64
receiver#com.netease.nimlib.service.NimReceiver
ADDED from android/uikit/AndroidManifest.xml:209:9-217:20
	android:process
		ADDED from android/uikit/AndroidManifest.xml:212:13-36
	android:exported
		ADDED from android/uikit/AndroidManifest.xml:211:13-37
	android:name
		ADDED from android/uikit/AndroidManifest.xml:210:13-66
intent-filter#action:name:android.intent.action.BOOT_COMPLETED+action:name:android.net.conn.CONNECTIVITY_CHANGE
ADDED from android/uikit/AndroidManifest.xml:213:13-216:29
action#android.intent.action.BOOT_COMPLETED
ADDED from android/uikit/AndroidManifest.xml:214:17-79
	android:name
		ADDED from android/uikit/AndroidManifest.xml:214:25-76
action#android.net.conn.CONNECTIVITY_CHANGE
ADDED from android/uikit/AndroidManifest.xml:215:17-79
	android:name
		ADDED from android/uikit/AndroidManifest.xml:215:25-76
receiver#com.netease.nimlib.service.ResponseReceiver
ADDED from android/uikit/AndroidManifest.xml:220:9-80
	android:name
		ADDED from android/uikit/AndroidManifest.xml:220:19-77
service#com.netease.nimlib.service.ResponseService
ADDED from android/uikit/AndroidManifest.xml:223:9-78
	android:name
		ADDED from android/uikit/AndroidManifest.xml:223:18-75
provider#com.netease.nimlib.ipc.NIMContentProvider
ADDED from android/uikit/AndroidManifest.xml:227:9-231:39
	android:process
		ADDED from android/uikit/AndroidManifest.xml:231:13-36
	android:authorities
		ADDED from android/uikit/AndroidManifest.xml:229:13-66
	android:exported
		ADDED from android/uikit/AndroidManifest.xml:230:13-37
	android:name
		ADDED from android/uikit/AndroidManifest.xml:228:13-69
service#com.xiaomi.push.service.XMJobService
ADDED from android/uikit/AndroidManifest.xml:245:9-250:42
	android:process
		ADDED from android/uikit/AndroidManifest.xml:250:13-39
	android:enabled
		ADDED from android/uikit/AndroidManifest.xml:247:13-35
	android:exported
		ADDED from android/uikit/AndroidManifest.xml:248:13-37
	android:permission
		ADDED from android/uikit/AndroidManifest.xml:249:13-69
	android:name
		ADDED from android/uikit/AndroidManifest.xml:246:13-64
service#com.xiaomi.push.service.XMPushService
ADDED from android/uikit/AndroidManifest.xml:252:9-255:42
	android:process
		ADDED from android/uikit/AndroidManifest.xml:255:13-39
	android:enabled
		ADDED from android/uikit/AndroidManifest.xml:254:13-35
	android:name
		ADDED from android/uikit/AndroidManifest.xml:253:13-65
receiver#com.xiaomi.push.service.receivers.PingReceiver
ADDED from android/uikit/AndroidManifest.xml:257:9-264:20
	android:process
		ADDED from android/uikit/AndroidManifest.xml:260:13-39
	android:exported
		ADDED from android/uikit/AndroidManifest.xml:259:13-37
	android:name
		ADDED from android/uikit/AndroidManifest.xml:258:13-74
intent-filter#action:name:com.xiaomi.push.PING_TIMER
ADDED from android/uikit/AndroidManifest.xml:261:13-263:29
action#com.xiaomi.push.PING_TIMER
ADDED from android/uikit/AndroidManifest.xml:262:17-69
	android:name
		ADDED from android/uikit/AndroidManifest.xml:262:25-66
receiver#com.xiaomi.push.service.receivers.NetworkStatusReceiver
ADDED from android/uikit/AndroidManifest.xml:266:9-273:20
	android:exported
		ADDED from android/uikit/AndroidManifest.xml:268:13-36
	android:name
		ADDED from android/uikit/AndroidManifest.xml:267:13-83
intent-filter#action:name:android.net.conn.CONNECTIVITY_CHANGE+category:name:android.intent.category.DEFAULT
ADDED from android/uikit/AndroidManifest.xml:269:13-272:29
category#android.intent.category.DEFAULT
ADDED from android/uikit/AndroidManifest.xml:271:17-76
	android:name
		ADDED from android/uikit/AndroidManifest.xml:271:27-73
service#com.xiaomi.mipush.sdk.PushMessageHandler
ADDED from android/uikit/AndroidManifest.xml:275:9-278:39
	android:enabled
		ADDED from android/uikit/AndroidManifest.xml:277:13-35
	android:exported
		ADDED from android/uikit/AndroidManifest.xml:278:13-36
	android:name
		ADDED from android/uikit/AndroidManifest.xml:276:13-68
service#com.xiaomi.mipush.sdk.MessageHandleService
ADDED from android/uikit/AndroidManifest.xml:280:9-282:38
	android:enabled
		ADDED from android/uikit/AndroidManifest.xml:282:13-35
	android:name
		ADDED from android/uikit/AndroidManifest.xml:281:13-70
receiver#com.netease.nimlib.mixpush.mi.MiPushReceiver
ADDED from android/uikit/AndroidManifest.xml:284:9-292:20
	android:exported
		ADDED from android/uikit/AndroidManifest.xml:286:13-36
	android:name
		ADDED from android/uikit/AndroidManifest.xml:285:13-72
intent-filter#action:name:com.xiaomi.mipush.ERROR+action:name:com.xiaomi.mipush.MESSAGE_ARRIVED+action:name:com.xiaomi.mipush.RECEIVE_MESSAGE
ADDED from android/uikit/AndroidManifest.xml:287:13-291:29
	android:priority
		ADDED from android/uikit/AndroidManifest.xml:287:28-57
action#com.xiaomi.mipush.RECEIVE_MESSAGE
ADDED from android/uikit/AndroidManifest.xml:288:17-76
	android:name
		ADDED from android/uikit/AndroidManifest.xml:288:25-73
action#com.xiaomi.mipush.MESSAGE_ARRIVED
ADDED from android/uikit/AndroidManifest.xml:289:17-76
	android:name
		ADDED from android/uikit/AndroidManifest.xml:289:25-73
action#com.xiaomi.mipush.ERROR
ADDED from android/uikit/AndroidManifest.xml:290:17-66
	android:name
		ADDED from android/uikit/AndroidManifest.xml:290:25-63
provider#com.huawei.hms.update.provider.UpdateProvider
ADDED from android/uikit/AndroidManifest.xml:298:9-302:50
	android:grantUriPermissions
		ADDED from android/uikit/AndroidManifest.xml:302:13-47
	android:authorities
		ADDED from android/uikit/AndroidManifest.xml:300:13-71
	android:exported
		ADDED from android/uikit/AndroidManifest.xml:301:13-37
	android:name
		ADDED from android/uikit/AndroidManifest.xml:299:13-73
receiver#com.netease.nimlib.mixpush.hw.HWPushReceiver
ADDED from android/uikit/AndroidManifest.xml:305:9-319:20
	android:name
		ADDED from android/uikit/AndroidManifest.xml:305:19-78
intent-filter#action:name:com.huawei.android.push.intent.CLICK+action:name:com.huawei.android.push.intent.RECEIVE+action:name:com.huawei.android.push.intent.REGISTRATION+action:name:com.huawei.intent.action.PUSH_STATE
ADDED from android/uikit/AndroidManifest.xml:306:13-315:29
	android:priority
		ADDED from android/uikit/AndroidManifest.xml:306:28-57
action#com.huawei.android.push.intent.REGISTRATION
ADDED from android/uikit/AndroidManifest.xml:308:17-86
	android:name
		ADDED from android/uikit/AndroidManifest.xml:308:25-83
action#com.huawei.android.push.intent.RECEIVE
ADDED from android/uikit/AndroidManifest.xml:310:17-81
	android:name
		ADDED from android/uikit/AndroidManifest.xml:310:25-78
action#com.huawei.android.push.intent.CLICK
ADDED from android/uikit/AndroidManifest.xml:312:17-79
	android:name
		ADDED from android/uikit/AndroidManifest.xml:312:25-76
action#com.huawei.intent.action.PUSH_STATE
ADDED from android/uikit/AndroidManifest.xml:314:17-78
	android:name
		ADDED from android/uikit/AndroidManifest.xml:314:25-75
meta-data#CS_cloud_ablitity
ADDED from android/uikit/AndroidManifest.xml:316:13-318:56
	android:value
		ADDED from android/uikit/AndroidManifest.xml:318:17-53
	android:name
		ADDED from android/uikit/AndroidManifest.xml:317:17-49
receiver#com.huawei.hms.support.api.push.PushEventReceiver
ADDED from android/uikit/AndroidManifest.xml:321:9-326:20
	android:name
		ADDED from android/uikit/AndroidManifest.xml:321:19-83
intent-filter#action:name:com.huawei.intent.action.PUSH
ADDED from android/uikit/AndroidManifest.xml:322:13-325:29
action#com.huawei.intent.action.PUSH
ADDED from android/uikit/AndroidManifest.xml:324:17-72
	android:name
		ADDED from android/uikit/AndroidManifest.xml:324:25-69
service#com.amap.api.location.APSService
ADDED from android/uikit/AndroidManifest.xml:329:9-68
	android:name
		ADDED from android/uikit/AndroidManifest.xml:329:18-65
service#com.netease.nimlib.mixpush.fcm.FCMTokenService
ADDED from android/uikit/AndroidManifest.xml:332:9-336:19
	android:name
		ADDED from android/uikit/AndroidManifest.xml:332:18-79
intent-filter#action:name:com.google.firebase.INSTANCE_ID_EVENT
ADDED from android/uikit/AndroidManifest.xml:333:13-335:29
action#com.google.firebase.INSTANCE_ID_EVENT
ADDED from android/uikit/AndroidManifest.xml:334:17-80
	android:name
		ADDED from android/uikit/AndroidManifest.xml:334:25-77
meta-data#com.google.firebase.messaging.default_notification_icon
ADDED from android/uikit/AndroidManifest.xml:339:9-341:80
	android:resource
		ADDED from android/uikit/AndroidManifest.xml:341:13-77
	android:name
		ADDED from android/uikit/AndroidManifest.xml:340:13-83
meta-data#com.google.firebase.messaging.default_notification_color
ADDED from android/uikit/AndroidManifest.xml:342:9-344:90
	android:resource
		ADDED from android/uikit/AndroidManifest.xml:344:13-87
	android:name
		ADDED from android/uikit/AndroidManifest.xml:343:13-84
receiver#com.netease.nimlib.mixpush.mz.MZPushReceiver
ADDED from android/uikit/AndroidManifest.xml:347:9-360:20
	android:name
		ADDED from android/uikit/AndroidManifest.xml:347:19-78
intent-filter#action:name:com.meizu.c2dm.intent.RECEIVE+action:name:com.meizu.c2dm.intent.REGISTRATION+action:name:com.meizu.flyme.push.intent.MESSAGE+action:name:com.meizu.flyme.push.intent.REGISTER.FEEDBACK+action:name:com.meizu.flyme.push.intent.UNREGISTER.FEEDBACK+category:name:${applicationId}
ADDED from android/uikit/AndroidManifest.xml:348:13-359:29
	android:priority
		ADDED from android/uikit/AndroidManifest.xml:348:28-57
action#com.meizu.flyme.push.intent.MESSAGE
ADDED from android/uikit/AndroidManifest.xml:350:17-78
	android:name
		ADDED from android/uikit/AndroidManifest.xml:350:25-75
action#com.meizu.flyme.push.intent.REGISTER.FEEDBACK
ADDED from android/uikit/AndroidManifest.xml:352:17-88
	android:name
		ADDED from android/uikit/AndroidManifest.xml:352:25-85
action#com.meizu.flyme.push.intent.UNREGISTER.FEEDBACK
ADDED from android/uikit/AndroidManifest.xml:354:17-90
	android:name
		ADDED from android/uikit/AndroidManifest.xml:354:25-87
action#com.meizu.c2dm.intent.REGISTRATION
ADDED from android/uikit/AndroidManifest.xml:356:17-77
	android:name
		ADDED from android/uikit/AndroidManifest.xml:356:25-74
action#com.meizu.c2dm.intent.RECEIVE
ADDED from android/uikit/AndroidManifest.xml:357:17-72
	android:name
		ADDED from android/uikit/AndroidManifest.xml:357:25-69
category#${applicationId}
ADDED from android/uikit/AndroidManifest.xml:358:17-61
	android:name
		ADDED from android/uikit/AndroidManifest.xml:358:27-58
meta-data#com.netease.nim.appKey
ADDED from android/uikit/AndroidManifest.xml:366:9-368:64
	android:value
		ADDED from android/uikit/AndroidManifest.xml:368:13-61
	android:name
		ADDED from android/uikit/AndroidManifest.xml:367:13-50
meta-data#io.fabric.ApiKey
ADDED from android/uikit/AndroidManifest.xml:370:9-372:72
	android:value
		ADDED from android/uikit/AndroidManifest.xml:372:13-69
	android:name
		ADDED from android/uikit/AndroidManifest.xml:371:13-44
meta-data#com.huawei.hms.client.appid
ADDED from android/uikit/AndroidManifest.xml:373:9-375:41
	android:value
		ADDED from android/uikit/AndroidManifest.xml:375:13-38
	android:name
		ADDED from android/uikit/AndroidManifest.xml:374:13-55